<?xml version="1.0" encoding="UTF-8"?>
<!-- Generated by org.testng.reporters.JUnitReportReporter -->
<testsuite hostname="SDashKing" failures="0" tests="2" name="com.fb.qa.testcases.LoginPageTest" time="31.014" errors="0" timestamp="2022-09-06T10:19:08 IST" skipped="0">
  <testcase classname="com.fb.qa.testcases.LoginPageTest" name="FB_logoTest" time="13.949"/>
  <system-out/>
  <testcase classname="com.fb.qa.testcases.LoginPageTest" name="loginTest" time="17.065"/>
  <system-out/>
</testsuite> <!-- com.fb.qa.testcases.LoginPageTest -->
